c:\users\labuser\desktop\research\code\source_code_vs_build\source code cleaned\fast_mass_spring\x64\release\vc142.pdb
c:\users\labuser\desktop\research\code\source_code_vs_build\source code cleaned\fast_mass_spring\x64\release\simulation.obj
c:\users\labuser\desktop\research\code\source_code_vs_build\source code cleaned\fast_mass_spring\x64\release\scene.obj
c:\users\labuser\desktop\research\code\source_code_vs_build\source code cleaned\fast_mass_spring\x64\release\primitive.obj
c:\users\labuser\desktop\research\code\source_code_vs_build\source code cleaned\fast_mass_spring\x64\release\mesh.obj
c:\users\labuser\desktop\research\code\source_code_vs_build\source code cleaned\fast_mass_spring\x64\release\math_headers.obj
c:\users\labuser\desktop\research\code\source_code_vs_build\source code cleaned\fast_mass_spring\x64\release\main.obj
c:\users\labuser\desktop\research\code\source_code_vs_build\source code cleaned\fast_mass_spring\x64\release\io_mesh.obj
c:\users\labuser\desktop\research\code\source_code_vs_build\source code cleaned\fast_mass_spring\x64\release\glsl_wrapper.obj
c:\users\labuser\desktop\research\code\source_code_vs_build\source code cleaned\fast_mass_spring\x64\release\fps.obj
c:\users\labuser\desktop\research\code\source_code_vs_build\source code cleaned\fast_mass_spring\x64\release\constraint.obj
c:\users\labuser\desktop\research\code\source_code_vs_build\source code cleaned\fast_mass_spring\x64\release\camera.obj
c:\users\labuser\desktop\research\code\source_code_vs_build\source code cleaned\fast_mass_spring\x64\release\anttweakbar_wrapper.obj
c:\users\labuser\desktop\research\code\source_code_vs_build\source code cleaned\fast_mass_spring\x64\release\stb_image_write.obj
c:\users\labuser\desktop\research\code\source_code_vs_build\source code cleaned\fast_mass_spring\x64\release\stb_image.obj
c:\users\labuser\desktop\research\code\source_code_vs_build\source code cleaned\fast_mass_spring\x64\release\fast_mass_spring.tlog\cl.command.1.tlog
c:\users\labuser\desktop\research\code\source_code_vs_build\source code cleaned\fast_mass_spring\x64\release\fast_mass_spring.tlog\cl.read.1.tlog
c:\users\labuser\desktop\research\code\source_code_vs_build\source code cleaned\fast_mass_spring\x64\release\fast_mass_spring.tlog\cl.write.1.tlog
c:\users\labuser\desktop\research\code\source_code_vs_build\source code cleaned\fast_mass_spring\x64\release\fast_mass_spring.tlog\link.command.1.tlog
c:\users\labuser\desktop\research\code\source_code_vs_build\source code cleaned\fast_mass_spring\x64\release\fast_mass_spring.tlog\link.read.1.tlog
c:\users\labuser\desktop\research\code\source_code_vs_build\source code cleaned\fast_mass_spring\x64\release\fast_mass_spring.tlog\link.write.1.tlog
