  mesh.cpp
C:\Users\heihuhu\Desktop\research\ThirdParty\include\fcl\include\fcl\geometry\shape\convex.h(1,1): warning C4819: The file contains a character that cannot be represented in the current code page (936). Save the file in Unicode format to prevent data loss
C:\Users\heihuhu\Desktop\research\ThirdParty\include\fcl\include\fcl\geometry\shape\convex.h(1,1): warning C4819: The file contains a character that cannot be represented in the current code page (936). Save the file in Unicode format to prevent data loss
C:\Users\heihuhu\Desktop\research\ThirdParty\include\fcl\include\fcl\broadphase\detail\hierarchy_tree-inl.h(1,1): warning C4819: The file contains a character that cannot be represented in the current code page (936). Save the file in Unicode format to prevent data loss
C:\Users\heihuhu\Desktop\research\ThirdParty\include\fcl\include\fcl\narrowphase\detail\primitive_shape_algorithm\capsule_capsule.h(1,1): warning C4819: The file contains a character that cannot be represented in the current code page (936). Save the file in Unicode format to prevent data loss
C:\Users\heihuhu\Desktop\research\ThirdParty\include\fcl\include\fcl\narrowphase\detail\primitive_shape_algorithm\capsule_capsule-inl.h(1,1): warning C4819: The file contains a character that cannot be represented in the current code page (936). Save the file in Unicode format to prevent data loss
C:\Users\heihuhu\Desktop\research\ThirdParty\include\fcl\include\fcl\narrowphase\detail\primitive_shape_algorithm\capsule_capsule.h(1,1): warning C4819: The file contains a character that cannot be represented in the current code page (936). Save the file in Unicode format to prevent data loss
C:\Users\heihuhu\Desktop\research\ThirdParty\include\fcl\include\fcl\narrowphase\detail\convexity_based_algorithm\gjk_libccd-inl.h(1,1): warning C4819: The file contains a character that cannot be represented in the current code page (936). Save the file in Unicode format to prevent data loss
C:\Users\heihuhu\Desktop\research\ThirdParty\include\fcl\include\fcl\narrowphase\detail\convexity_based_algorithm\gjk_libccd-inl.h(760,1): warning C4819: The file contains a character that cannot be represented in the current code page (936). Save the file in Unicode format to prevent data loss
C:\Users\heihuhu\Desktop\research\ThirdParty\include\fcl\include\fcl\narrowphase\detail\convexity_based_algorithm\gjk_libccd-inl.h(1024,31): warning C4244: 'argument': conversion from 'double' to 'ccd_real_t', possible loss of data
C:\Users\heihuhu\Desktop\research\ThirdParty\include\fcl\include\fcl\narrowphase\detail\convexity_based_algorithm\gjk_libccd-inl.h(1043,35): warning C4305: 'initializing': truncation from 'double' to 'ccd_real_t'
C:\Users\heihuhu\Desktop\research\ThirdParty\include\fcl\include\fcl\narrowphase\detail\convexity_based_algorithm\gjk_libccd-inl.h(1410,1): warning C4819: The file contains a character that cannot be represented in the current code page (936). Save the file in Unicode format to prevent data loss
C:\Users\heihuhu\Desktop\research\ThirdParty\include\fcl\include\fcl\narrowphase\detail\convexity_based_algorithm\gjk_libccd-inl.h(1715,49): warning C4244: 'argument': conversion from '_Ty' to 'ccd_real_t', possible loss of data
          with
          [
              _Ty=double
          ]
C:\Users\heihuhu\Desktop\research\ThirdParty\include\fcl\include\fcl\narrowphase\detail\convexity_based_algorithm\gjk_libccd-inl.h(1736,33): warning C4244: '=': conversion from 'double' to 'ccd_real_t', possible loss of data
C:\Users\heihuhu\Desktop\research\ThirdParty\include\fcl\include\fcl\narrowphase\detail\convexity_based_algorithm\gjk_libccd-inl.h(2394,17): warning C4244: 'argument': conversion from 'double' to 'ccd_real_t', possible loss of data
C:\Users\heihuhu\Desktop\research\ThirdParty\include\fcl\include\fcl\narrowphase\detail\convexity_based_algorithm\gjk_libccd-inl.h(2401,20): warning C4244: 'argument': conversion from 'double' to 'ccd_real_t', possible loss of data
C:\Users\heihuhu\Desktop\research\ThirdParty\include\fcl\include\fcl\narrowphase\detail\convexity_based_algorithm\gjk_libccd-inl.h(2400,23): warning C4244: 'argument': conversion from 'double' to 'ccd_real_t', possible loss of data
C:\Users\heihuhu\Desktop\research\ThirdParty\include\fcl\include\fcl\narrowphase\detail\convexity_based_algorithm\gjk_libccd-inl.h(2432,45): warning C4244: 'argument': conversion from 'double' to 'ccd_real_t', possible loss of data
C:\Users\heihuhu\Desktop\research\ThirdParty\include\fcl\include\fcl\narrowphase\detail\convexity_based_algorithm\gjk_libccd-inl.h(2432,23): warning C4244: 'argument': conversion from 'double' to 'ccd_real_t', possible loss of data
C:\Users\heihuhu\Desktop\git_repository\FMS-ver-2020.3.19\fast_mass_spring\source\primitive.h(113,14): warning C4305: 'initializing': truncation from 'double' to 'float'
C:\Users\heihuhu\Desktop\git_repository\FMS-ver-2020.3.19\fast_mass_spring\source\primitive.h(166,25): warning C4305: 'initializing': truncation from 'double' to 'float'
C:\Users\heihuhu\Desktop\git_repository\FMS-ver-2020.3.19\fast_mass_spring\source\mesh.h(236,20): warning C4244: '=': conversion from 'int' to 'float', possible loss of data
C:\Users\heihuhu\Desktop\git_repository\FMS-ver-2020.3.19\fast_mass_spring\source\mesh.cpp(69,29): warning C4018: '<': signed/unsigned mismatch
C:\Users\heihuhu\Desktop\git_repository\FMS-ver-2020.3.19\fast_mass_spring\source\mesh.cpp(463,53): warning C4244: 'argument': conversion from 'ScalarType' to 'float', possible loss of data
C:\Users\heihuhu\Desktop\git_repository\FMS-ver-2020.3.19\fast_mass_spring\source\mesh.cpp(638,48): warning C4244: 'argument': conversion from 'ScalarType' to 'float', possible loss of data
C:\Users\heihuhu\Desktop\git_repository\FMS-ver-2020.3.19\fast_mass_spring\source\mesh.cpp(701,55): warning C4305: 'argument': truncation from 'double' to 'float'
C:\Users\heihuhu\Desktop\git_repository\FMS-ver-2020.3.19\fast_mass_spring\source\mesh.cpp(896,19): warning C4244: 'initializing': conversion from 'double' to 'float', possible loss of data
C:\Users\heihuhu\Desktop\git_repository\FMS-ver-2020.3.19\fast_mass_spring\source\mesh.cpp(896,44): warning C4244: 'initializing': conversion from 'double' to 'float', possible loss of data
  fast_mass_spring.vcxproj -> C:\Users\heihuhu\Desktop\git_repository\FMS-ver-2020.3.19\x64\Debug\fast_mass_spring.exe
