c:\users\labuser\source\fms-ver-2020.2.13\fast_mass_spring\x64\debug\vc142.pdb
c:\users\labuser\source\fms-ver-2020.2.13\fast_mass_spring\x64\debug\vc142.idb
c:\users\labuser\source\fms-ver-2020.2.13\fast_mass_spring\x64\debug\simulation.obj
c:\users\labuser\source\fms-ver-2020.2.13\fast_mass_spring\x64\debug\scene.obj
c:\users\labuser\source\fms-ver-2020.2.13\fast_mass_spring\x64\debug\primitive.obj
c:\users\labuser\source\fms-ver-2020.2.13\fast_mass_spring\x64\debug\mesh.obj
c:\users\labuser\source\fms-ver-2020.2.13\fast_mass_spring\x64\debug\math_headers.obj
c:\users\labuser\source\fms-ver-2020.2.13\fast_mass_spring\x64\debug\main.obj
c:\users\labuser\source\fms-ver-2020.2.13\fast_mass_spring\x64\debug\io_mesh.obj
c:\users\labuser\source\fms-ver-2020.2.13\fast_mass_spring\x64\debug\glsl_wrapper.obj
c:\users\labuser\source\fms-ver-2020.2.13\fast_mass_spring\x64\debug\fps.obj
c:\users\labuser\source\fms-ver-2020.2.13\fast_mass_spring\x64\debug\constraint.obj
c:\users\labuser\source\fms-ver-2020.2.13\fast_mass_spring\x64\debug\camera.obj
c:\users\labuser\source\fms-ver-2020.2.13\fast_mass_spring\x64\debug\anttweakbar_wrapper.obj
c:\users\labuser\source\fms-ver-2020.2.13\fast_mass_spring\x64\debug\stb_image_write.obj
c:\users\labuser\source\fms-ver-2020.2.13\fast_mass_spring\x64\debug\stb_image.obj
c:\users\labuser\source\fms-ver-2020.2.13\x64\debug\fast_mass_spring.exe
c:\users\labuser\source\fms-ver-2020.2.13\x64\debug\fast_mass_spring.ilk
c:\users\labuser\source\fms-ver-2020.2.13\x64\debug\fast_mass_spring.pdb
c:\users\labuser\source\fms-ver-2020.2.13\fast_mass_spring\x64\debug\fast_mass_spring.tlog\cl.command.1.tlog
c:\users\labuser\source\fms-ver-2020.2.13\fast_mass_spring\x64\debug\fast_mass_spring.tlog\cl.read.1.tlog
c:\users\labuser\source\fms-ver-2020.2.13\fast_mass_spring\x64\debug\fast_mass_spring.tlog\cl.write.1.tlog
c:\users\labuser\source\fms-ver-2020.2.13\fast_mass_spring\x64\debug\fast_mass_spring.tlog\link.command.1.tlog
c:\users\labuser\source\fms-ver-2020.2.13\fast_mass_spring\x64\debug\fast_mass_spring.tlog\link.read.1.tlog
c:\users\labuser\source\fms-ver-2020.2.13\fast_mass_spring\x64\debug\fast_mass_spring.tlog\link.write.1.tlog
